Build started 2020/5/29 14:59:07.
     1>Project "E:\Project\BeijingQiXiang\QwtRasterPolt\QwtRasterPolt.vcxproj" on node 2 (build target(s)).
     1>InitializeBuildStatus:
         Creating "Debug\QwtRasterPolt.unsuccessfulbuild" because "AlwaysCreate" was specified.
       CustomBuild:
         All outputs are up-to-date.
       ClCompile:
         All outputs are up-to-date.
         All outputs are up-to-date.
         All outputs are up-to-date.
       ManifestResourceCompile:
         All outputs are up-to-date.
       Link:
         C:\Program Files (x86)\Microsoft Visual Studio 10.0\VC\bin\link.exe /ERRORREPORT:PROMPT /OUT:"E:\Project\BeijingQiXiang\Debug\QwtRasterPolt.dll" /INCREMENTAL /NOLOGO qwtd.lib qtmaind.lib QtCored4.lib QtGuid4.lib QtXmld4.lib QtSqld4.lib QtOpenGLd4.lib kernel32.lib user32.lib gdi32.lib winspool.lib comdlg32.lib advapi32.lib shell32.lib ole32.lib oleaut32.lib uuid.lib odbc32.lib odbccp32.lib /DEF:"ExorptFunction.def" /MANIFEST /ManifestFile:"Debug\QwtRasterPolt.dll.intermediate.manifest" /MANIFESTUAC:"level='asInvoker' uiAccess='false'" /DEBUG /PDB:"E:\Project\BeijingQiXiang\Debug\QwtRasterPolt.pdb" /SUBSYSTEM:WINDOWS /TLBID:1 /DYNAMICBASE /NXCOMPAT /IMPLIB:"E:\Project\BeijingQiXiang\Debug\QwtRasterPolt.lib" /MACHINE:X86 /DLL Debug\QwtRasterPolt.dll.embed.manifest.res
         Debug\ColorBar.obj
         Debug\ConfigurableColorBar.obj
         Debug\dllmain.obj
         Debug\moc_RadarPlotPicker.obj
         Debug\moc_RasterPlot.obj
         Debug\NonlinearityColorBarWidget.obj
         Debug\NonlinearityColorMap.obj
         Debug\ParseData.obj
         Debug\ParseMemoryRasterData.obj
         Debug\QwtRasterPolt.obj
         Debug\RadarColorMap.obj
         Debug\RadarPlotPicker.obj
         Debug\RadarRasterData.obj
         Debug\RasterPlot.obj
         Debug\stdafx.obj
         Debug\TimeScaleDraw.obj
       Manifest:
         C:\Program Files (x86)\Microsoft SDKs\Windows\v7.0A\bin\mt.exe /nologo /verbose /out:"Debug\QwtRasterPolt.dll.embed.manifest" /manifest Debug\QwtRasterPolt.dll.intermediate.manifest
         All outputs are up-to-date.
       LinkEmbedManifest:
         C:\Program Files (x86)\Microsoft Visual Studio 10.0\VC\bin\link.exe /ERRORREPORT:PROMPT /OUT:"E:\Project\BeijingQiXiang\Debug\QwtRasterPolt.dll" /INCREMENTAL /NOLOGO qwtd.lib qtmaind.lib QtCored4.lib QtGuid4.lib QtXmld4.lib QtSqld4.lib QtOpenGLd4.lib kernel32.lib user32.lib gdi32.lib winspool.lib comdlg32.lib advapi32.lib shell32.lib ole32.lib oleaut32.lib uuid.lib odbc32.lib odbccp32.lib /DEF:"ExorptFunction.def" /MANIFEST /ManifestFile:"Debug\QwtRasterPolt.dll.intermediate.manifest" /MANIFESTUAC:"level='asInvoker' uiAccess='false'" /DEBUG /PDB:"E:\Project\BeijingQiXiang\Debug\QwtRasterPolt.pdb" /SUBSYSTEM:WINDOWS /TLBID:1 /DYNAMICBASE /NXCOMPAT /IMPLIB:"E:\Project\BeijingQiXiang\Debug\QwtRasterPolt.lib" /MACHINE:X86 /DLL Debug\QwtRasterPolt.dll.embed.manifest.res
         Debug\ColorBar.obj
         Debug\ConfigurableColorBar.obj
         Debug\dllmain.obj
         Debug\moc_RadarPlotPicker.obj
         Debug\moc_RasterPlot.obj
         Debug\NonlinearityColorBarWidget.obj
         Debug\NonlinearityColorMap.obj
         Debug\ParseData.obj
         Debug\ParseMemoryRasterData.obj
         Debug\QwtRasterPolt.obj
         Debug\RadarColorMap.obj
         Debug\RadarPlotPicker.obj
         Debug\RadarRasterData.obj
         Debug\RasterPlot.obj
         Debug\stdafx.obj
         Debug\TimeScaleDraw.obj
         QwtRasterPolt.vcxproj -> E:\Project\BeijingQiXiang\Debug\QwtRasterPolt.dll
       FinalizeBuildStatus:
         Deleting file "Debug\QwtRasterPolt.unsuccessfulbuild".
         Touching "Debug\QwtRasterPolt.lastbuildstate".
     1>Done Building Project "E:\Project\BeijingQiXiang\QwtRasterPolt\QwtRasterPolt.vcxproj" (build target(s)).

Build succeeded.

Time Elapsed 00:00:04.57
